wear/build/intermediates/manifest_merge_blame_file/debug/processDebugMainManifest/manifest-merger-blame-debug-report.txt
1<?xml version="1.0" encoding="utf-8"?>
2<manifest xmlns:android="http://schemas.android.com/apk/res/android"
3    package="mx.utng.smarthealthmonitor.wear"
4    android:versionCode="1"
5    android:versionName="1.0" >
6
7    <uses-sdk
8        android:minSdkVersion="30"
9        android:targetSdkVersion="35" />
10
11    <uses-feature android:name="android.hardware.type.watch" />
11-->src\main\AndroidManifest.xml:5:5-64
11-->src\main\AndroidManifest.xml:5:19-61
12
13    <!-- Permisos para Health Services -->
14    <uses-permission android:name="android.permission.BODY_SENSORS" />
14-->src\main\AndroidManifest.xml:8:5-71
14-->src\main\AndroidManifest.xml:8:22-68
15    <uses-permission android:name="android.permission.ACTIVITY_RECOGNITION" />
15-->src\main\AndroidManifest.xml:9:5-79
15-->src\main\AndroidManifest.xml:9:22-76
16
17    <queries>
17-->[androidx.health:health-services-client:1.1.0-alpha03] AndroidManifest.xml:19:5-21:15
18        <package android:name="com.google.android.wearable.healthservices" />
18-->[androidx.health:health-services-client:1.1.0-alpha03] AndroidManifest.xml:20:9-78
18-->[androidx.health:health-services-client:1.1.0-alpha03] AndroidManifest.xml:20:18-75
19    </queries>
20
21    <permission
21-->[androidx.core:core:1.13.1] AndroidManifest.xml:22:5-24:47
22        android:name="mx.utng.smarthealthmonitor.wear.DYNAMIC_RECEIVER_NOT_EXPORTED_PERMISSION"
22-->[androidx.core:core:1.13.1] AndroidManifest.xml:23:9-81
23        android:protectionLevel="signature" />
23-->[androidx.core:core:1.13.1] AndroidManifest.xml:24:9-44
24
25    <uses-permission android:name="mx.utng.smarthealthmonitor.wear.DYNAMIC_RECEIVER_NOT_EXPORTED_PERMISSION" />
25-->[androidx.core:core:1.13.1] AndroidManifest.xml:26:5-97
25-->[androidx.core:core:1.13.1] AndroidManifest.xml:26:22-94
26
27    <application
27-->src\main\AndroidManifest.xml:11:5-45:19
28        android:allowBackup="true"
28-->src\main\AndroidManifest.xml:12:9-35
29        android:appComponentFactory="androidx.core.app.CoreComponentFactory"
29-->[androidx.core:core:1.13.1] AndroidManifest.xml:28:18-86
30        android:debuggable="true"
31        android:extractNativeLibs="false"
32        android:icon="@android:drawable/sym_def_app_icon"
32-->src\main\AndroidManifest.xml:13:9-58
33        android:label="SmartHealth Wear"
33-->src\main\AndroidManifest.xml:14:9-41
34        android:supportsRtl="true"
34-->src\main\AndroidManifest.xml:15:9-35
35        android:testOnly="true"
36        android:theme="@android:style/Theme.DeviceDefault" >
36-->src\main\AndroidManifest.xml:16:9-59
37        <uses-library
37-->src\main\AndroidManifest.xml:18:9-20:39
38            android:name="com.google.android.wearable"
38-->src\main\AndroidManifest.xml:19:13-55
39            android:required="true" />
39-->src\main\AndroidManifest.xml:20:13-36
40
41        <meta-data
41-->src\main\AndroidManifest.xml:22:9-24:36
42            android:name="com.google.android.wearable.standalone"
42-->src\main\AndroidManifest.xml:23:13-66
43            android:value="true" />
43-->src\main\AndroidManifest.xml:24:13-33
44
45        <!-- Registro del servicio de Health Services -->
46        <service
46-->src\main\AndroidManifest.xml:27:9-34:19
47            android:name="mx.utng.smarthealthmonitor.wear.HealthDataService"
47-->src\main\AndroidManifest.xml:28:13-46
48            android:exported="true"
48-->src\main\AndroidManifest.xml:29:13-36
49            android:permission="com.google.android.wearable.permission.BIND_LISTENER" >
49-->src\main\AndroidManifest.xml:30:13-86
50            <intent-filter>
50-->src\main\AndroidManifest.xml:31:13-33:29
51                <action android:name="androidx.health.services.client.PASSIVE_LISTENER" />
51-->src\main\AndroidManifest.xml:32:17-91
51-->src\main\AndroidManifest.xml:32:25-88
52            </intent-filter>
53        </service>
54
55        <activity
55-->src\main\AndroidManifest.xml:36:9-44:20
56            android:name="mx.utng.smarthealthmonitor.wear.presentation.WearMainActivity"
56-->src\main\AndroidManifest.xml:37:13-58
57            android:exported="true"
57-->src\main\AndroidManifest.xml:38:13-36
58            android:theme="@android:style/Theme.DeviceDefault" >
58-->src\main\AndroidManifest.xml:39:13-63
59            <intent-filter>
59-->src\main\AndroidManifest.xml:40:13-43:29
60                <action android:name="android.intent.action.MAIN" />
60-->src\main\AndroidManifest.xml:41:17-69
60-->src\main\AndroidManifest.xml:41:25-66
61
62                <category android:name="android.intent.category.LAUNCHER" />
62-->src\main\AndroidManifest.xml:42:17-77
62-->src\main\AndroidManifest.xml:42:27-74
63            </intent-filter>
64        </activity>
65
66        <service
66-->[androidx.health:health-services-client:1.1.0-alpha03] AndroidManifest.xml:24:9-31:19
67            android:name="androidx.health.services.client.VersionApiService"
67-->[androidx.health:health-services-client:1.1.0-alpha03] AndroidManifest.xml:25:13-77
68            android:exported="true"
68-->[androidx.health:health-services-client:1.1.0-alpha03] AndroidManifest.xml:26:13-36
69            android:permission="com.google.android.wearable.healthservices.permission.PASSIVE_DATA_BINDING" >
69-->[androidx.health:health-services-client:1.1.0-alpha03] AndroidManifest.xml:27:13-108
70            <intent-filter>
70-->[androidx.health:health-services-client:1.1.0-alpha03] AndroidManifest.xml:28:13-30:29
71                <action android:name="hs.versionclient.BIND" />
71-->[androidx.health:health-services-client:1.1.0-alpha03] AndroidManifest.xml:29:17-64
71-->[androidx.health:health-services-client:1.1.0-alpha03] AndroidManifest.xml:29:25-61
72            </intent-filter>
73        </service>
74
75        <uses-library
75-->[androidx.wear.compose:compose-foundation:1.4.0-beta03] AndroidManifest.xml:23:9-25:40
76            android:name="wear-sdk"
76-->[androidx.wear.compose:compose-foundation:1.4.0-beta03] AndroidManifest.xml:24:13-36
77            android:required="false" />
77-->[androidx.wear.compose:compose-foundation:1.4.0-beta03] AndroidManifest.xml:25:13-37
78
79        <activity
79-->[com.google.android.gms:play-services-base:18.5.0] AndroidManifest.xml:5:9-173
80            android:name="com.google.android.gms.common.api.GoogleApiActivity"
80-->[com.google.android.gms:play-services-base:18.5.0] AndroidManifest.xml:5:19-85
81            android:exported="false"
81-->[com.google.android.gms:play-services-base:18.5.0] AndroidManifest.xml:5:146-170
82            android:theme="@android:style/Theme.Translucent.NoTitleBar" />
82-->[com.google.android.gms:play-services-base:18.5.0] AndroidManifest.xml:5:86-145
83        <activity
83-->[androidx.compose.ui:ui-tooling-android:1.7.0-beta05] AndroidManifest.xml:23:9-25:39
84            android:name="androidx.compose.ui.tooling.PreviewActivity"
84-->[androidx.compose.ui:ui-tooling-android:1.7.0-beta05] AndroidManifest.xml:24:13-71
85            android:exported="true" />
85-->[androidx.compose.ui:ui-tooling-android:1.7.0-beta05] AndroidManifest.xml:25:13-36
86
87        <provider
87-->[androidx.emoji2:emoji2:1.3.0] AndroidManifest.xml:24:9-32:20
88            android:name="androidx.startup.InitializationProvider"
88-->[androidx.emoji2:emoji2:1.3.0] AndroidManifest.xml:25:13-67
89            android:authorities="mx.utng.smarthealthmonitor.wear.androidx-startup"
89-->[androidx.emoji2:emoji2:1.3.0] AndroidManifest.xml:26:13-68
90            android:exported="false" >
90-->[androidx.emoji2:emoji2:1.3.0] AndroidManifest.xml:27:13-37
91            <meta-data
91-->[androidx.emoji2:emoji2:1.3.0] AndroidManifest.xml:29:13-31:52
92                android:name="androidx.emoji2.text.EmojiCompatInitializer"
92-->[androidx.emoji2:emoji2:1.3.0] AndroidManifest.xml:30:17-75
93                android:value="androidx.startup" />
93-->[androidx.emoji2:emoji2:1.3.0] AndroidManifest.xml:31:17-49
94            <meta-data
94-->[androidx.lifecycle:lifecycle-process:2.8.6] AndroidManifest.xml:29:13-31:52
95                android:name="androidx.lifecycle.ProcessLifecycleInitializer"
95-->[androidx.lifecycle:lifecycle-process:2.8.6] AndroidManifest.xml:30:17-78
96                android:value="androidx.startup" />
96-->[androidx.lifecycle:lifecycle-process:2.8.6] AndroidManifest.xml:31:17-49
97            <meta-data
97-->[androidx.profileinstaller:profileinstaller:1.3.1] AndroidManifest.xml:29:13-31:52
98                android:name="androidx.profileinstaller.ProfileInstallerInitializer"
98-->[androidx.profileinstaller:profileinstaller:1.3.1] AndroidManifest.xml:30:17-85
99                android:value="androidx.startup" />
99-->[androidx.profileinstaller:profileinstaller:1.3.1] AndroidManifest.xml:31:17-49
100        </provider>
101
102        <meta-data
102-->[com.google.android.gms:play-services-basement:18.4.0] AndroidManifest.xml:6:9-122
103            android:name="com.google.android.gms.version"
103-->[com.google.android.gms:play-services-basement:18.4.0] AndroidManifest.xml:6:20-65
104            android:value="@integer/google_play_services_version" />
104-->[com.google.android.gms:play-services-basement:18.4.0] AndroidManifest.xml:6:66-119
105
106        <receiver
106-->[androidx.profileinstaller:profileinstaller:1.3.1] AndroidManifest.xml:34:9-52:20
107            android:name="androidx.profileinstaller.ProfileInstallReceiver"
107-->[androidx.profileinstaller:profileinstaller:1.3.1] AndroidManifest.xml:35:13-76
108            android:directBootAware="false"
108-->[androidx.profileinstaller:profileinstaller:1.3.1] AndroidManifest.xml:36:13-44
109            android:enabled="true"
109-->[androidx.profileinstaller:profileinstaller:1.3.1] AndroidManifest.xml:37:13-35
110            android:exported="true"
110-->[androidx.profileinstaller:profileinstaller:1.3.1] AndroidManifest.xml:38:13-36
111            android:permission="android.permission.DUMP" >
111-->[androidx.profileinstaller:profileinstaller:1.3.1] AndroidManifest.xml:39:13-57
112            <intent-filter>
112-->[androidx.profileinstaller:profileinstaller:1.3.1] AndroidManifest.xml:40:13-42:29
113                <action android:name="androidx.profileinstaller.action.INSTALL_PROFILE" />
113-->[androidx.profileinstaller:profileinstaller:1.3.1] AndroidManifest.xml:41:17-91
113-->[androidx.profileinstaller:profileinstaller:1.3.1] AndroidManifest.xml:41:25-88
114            </intent-filter>
115            <intent-filter>
115-->[androidx.profileinstaller:profileinstaller:1.3.1] AndroidManifest.xml:43:13-45:29
116                <action android:name="androidx.profileinstaller.action.SKIP_FILE" />
116-->[androidx.profileinstaller:profileinstaller:1.3.1] AndroidManifest.xml:44:17-85
116-->[androidx.profileinstaller:profileinstaller:1.3.1] AndroidManifest.xml:44:25-82
117            </intent-filter>
118            <intent-filter>
118-->[androidx.profileinstaller:profileinstaller:1.3.1] AndroidManifest.xml:46:13-48:29
119                <action android:name="androidx.profileinstaller.action.SAVE_PROFILE" />
119-->[androidx.profileinstaller:profileinstaller:1.3.1] AndroidManifest.xml:47:17-88
119-->[androidx.profileinstaller:profileinstaller:1.3.1] AndroidManifest.xml:47:25-85
120            </intent-filter>
121            <intent-filter>
121-->[androidx.profileinstaller:profileinstaller:1.3.1] AndroidManifest.xml:49:13-51:29
122                <action android:name="androidx.profileinstaller.action.BENCHMARK_OPERATION" />
122-->[androidx.profileinstaller:profileinstaller:1.3.1] AndroidManifest.xml:50:17-95
122-->[androidx.profileinstaller:profileinstaller:1.3.1] AndroidManifest.xml:50:25-92
123            </intent-filter>
124        </receiver>
125    </application>
126
127</manifest>